[ 2026-05-09 17:19:31,047 ] 30 root - INFO - Entered the data ingestion method
[ 2026-05-09 17:19:31,062 ] 36 root - INFO - Dataset loaded successfully
[ 2026-05-09 17:19:31,090 ] 44 root - INFO - Ingestion completed
[ 2026-05-09 17:19:31,118 ] 96 root - INFO - Raw dataset loaded successfully
[ 2026-05-09 17:19:31,123 ] 107 root - INFO - Data cleaning completed
[ 2026-05-09 17:19:31,124 ] 112 root - INFO - Target column converted
[ 2026-05-09 17:19:31,126 ] 121 root - INFO - Train Test Split completed
[ 2026-05-09 17:19:31,126 ] 82 root - INFO - Preproessing object created successfully
[ 2026-05-09 17:19:31,150 ] 131 root - INFO - Data preprocessing completed
[ 2026-05-09 17:19:31,153 ] 144 root - INFO - Train and test arrays saved successfully
[ 2026-05-09 17:19:31,156 ] 149 root - INFO - Preprocessor object saved successfully
[ 2026-05-09 17:19:31,157 ] 68 root - INFO - Loading train and testarrays
[ 2026-05-09 17:19:31,180 ] 74 root - INFO - Train and Test arrays loaded successfully
[ 2026-05-09 17:19:31,180 ] 84 root - INFO - Input and target features separated
[ 2026-05-09 17:19:31,681 ] 113 root - INFO - Training started for XgBoost
[ 2026-05-09 17:19:31,956 ] 122 root - INFO - XgBoost rcall: 0.5
[ 2026-05-09 17:19:35,749 ] 142 root - INFO - f{model_name} logged to MLflow
[ 2026-05-09 17:19:35,794 ] 113 root - INFO - Training started for GradientBoosting
[ 2026-05-09 17:19:36,632 ] 122 root - INFO - GradientBoosting rcall: 0.5
[ 2026-05-09 17:19:39,306 ] 142 root - INFO - f{model_name} logged to MLflow
[ 2026-05-09 17:19:39,350 ] 113 root - INFO - Training started for AdaBoost
[ 2026-05-09 17:19:39,604 ] 122 root - INFO - AdaBoost rcall: 0.49732620320855614
[ 2026-05-09 17:19:42,177 ] 142 root - INFO - f{model_name} logged to MLflow
[ 2026-05-09 17:19:42,218 ] 113 root - INFO - Training started for DecisionTree
[ 2026-05-09 17:19:42,256 ] 122 root - INFO - DecisionTree rcall: 0.49732620320855614
[ 2026-05-09 17:19:44,786 ] 142 root - INFO - f{model_name} logged to MLflow
[ 2026-05-09 17:19:44,833 ] 113 root - INFO - Training started for RandomForest
[ 2026-05-09 17:19:45,380 ] 122 root - INFO - RandomForest rcall: 0.4625668449197861
[ 2026-05-09 17:19:48,009 ] 142 root - INFO - f{model_name} logged to MLflow
[ 2026-05-09 17:19:48,052 ] 113 root - INFO - Training started for LogisticRegression
[ 2026-05-09 17:19:48,082 ] 122 root - INFO - LogisticRegression rcall: 0.7914438502673797
[ 2026-05-09 17:19:50,754 ] 142 root - INFO - f{model_name} logged to MLflow
[ 2026-05-09 17:19:50,756 ] 153 root - INFO - Best model found: LogisticRegression
[ 2026-05-09 17:19:50,756 ] 158 root - INFO - Best model saved successfully
